2015-03-20T16:40:16.734+1100 [initandlisten] MongoDB starting : pid=14743 port=27017 dbpath=/home/luke/mongoed/data/db/ 64-bit host=luke-node
2015-03-20T16:40:16.734+1100 [initandlisten] db version v2.6.8
2015-03-20T16:40:16.734+1100 [initandlisten] git version: 3abc04d6d4f71de00b57378e3277def8fd7a6700
2015-03-20T16:40:16.734+1100 [initandlisten] build info: Linux build5.nj1.10gen.cc 2.6.32-431.3.1.el6.x86_64 #1 SMP Fri Jan 3 21:39:27 UTC 2014 x86_64 BOOST_LIB_VERSION=1_49
2015-03-20T16:40:16.734+1100 [initandlisten] allocator: tcmalloc
2015-03-20T16:40:16.734+1100 [initandlisten] options: { processManagement: { fork: true }, storage: { dbPath: "data/db/" }, systemLog: { destination: "file", path: "data/db/log.log" } }
2015-03-20T16:40:16.752+1100 [initandlisten] journal dir=/home/luke/mongoed/data/db/journal
2015-03-20T16:40:16.752+1100 [initandlisten] recover : no journal files present, no recovery needed
2015-03-20T16:40:16.859+1100 [initandlisten] waiting for connections on port 27017
2015-03-20T16:41:16.869+1100 [clientcursormon] mem (MB) res:29 virt:348
2015-03-20T16:41:16.869+1100 [clientcursormon]  mapped (incl journal view):160
2015-03-20T16:41:16.869+1100 [clientcursormon]  connections:0
2015-03-20T16:46:16.884+1100 [clientcursormon] mem (MB) res:29 virt:348
2015-03-20T16:46:16.884+1100 [clientcursormon]  mapped (incl journal view):160
2015-03-20T16:46:16.884+1100 [clientcursormon]  connections:0
2015-03-20T16:51:16.906+1100 [clientcursormon] mem (MB) res:29 virt:348
2015-03-20T16:51:16.906+1100 [clientcursormon]  mapped (incl journal view):160
2015-03-20T16:51:16.906+1100 [clientcursormon]  connections:0
2015-03-20T16:56:16.926+1100 [clientcursormon] mem (MB) res:29 virt:348
2015-03-20T16:56:16.926+1100 [clientcursormon]  mapped (incl journal view):160
2015-03-20T16:56:16.926+1100 [clientcursormon]  connections:0
2015-03-20T17:01:16.941+1100 [clientcursormon] mem (MB) res:29 virt:348
2015-03-20T17:01:16.941+1100 [clientcursormon]  mapped (incl journal view):160
2015-03-20T17:01:16.941+1100 [clientcursormon]  connections:0
2015-03-20T17:06:16.962+1100 [clientcursormon] mem (MB) res:29 virt:348
2015-03-20T17:06:16.962+1100 [clientcursormon]  mapped (incl journal view):160
2015-03-20T17:06:16.962+1100 [clientcursormon]  connections:0
2015-03-20T17:11:17.004+1100 [clientcursormon] mem (MB) res:27 virt:348
2015-03-20T17:11:17.060+1100 [clientcursormon]  mapped (incl journal view):160
2015-03-20T17:11:17.060+1100 [clientcursormon]  connections:0
2015-03-20T17:16:17.084+1100 [clientcursormon] mem (MB) res:27 virt:348
2015-03-20T17:16:17.084+1100 [clientcursormon]  mapped (incl journal view):160
2015-03-20T17:16:17.084+1100 [clientcursormon]  connections:0
2015-03-20T17:21:17.102+1100 [clientcursormon] mem (MB) res:27 virt:348
2015-03-20T17:21:17.102+1100 [clientcursormon]  mapped (incl journal view):160
2015-03-20T17:21:17.102+1100 [clientcursormon]  connections:0
2015-03-20T17:26:17.124+1100 [clientcursormon] mem (MB) res:27 virt:348
2015-03-20T17:26:17.135+1100 [clientcursormon]  mapped (incl journal view):160
2015-03-20T17:26:17.135+1100 [clientcursormon]  connections:0
2015-03-20T17:31:17.160+1100 [clientcursormon] mem (MB) res:27 virt:348
2015-03-20T17:31:17.160+1100 [clientcursormon]  mapped (incl journal view):160
2015-03-20T17:31:17.160+1100 [clientcursormon]  connections:0
2015-03-20T17:36:17.180+1100 [clientcursormon] mem (MB) res:27 virt:348
2015-03-20T17:36:17.180+1100 [clientcursormon]  mapped (incl journal view):160
2015-03-20T17:36:17.180+1100 [clientcursormon]  connections:0
